1727546411668:list
1727546423191:add first last 4
1727546426826:list
1727546672729:add first last 5
1727546680926:add t t 3
1727546683485:list
1727546713133:delete 7921940651091091491
1727546729099:remove 7921940651091091491
1727546736548:clear
1727546741424:list
1727546746807:clear
1727546749796:list
1727546783901:add first last 5
1727546785367:list
1727546799219:clear
1727546835760:remove-all
1727547742098:list
1727548048074:quit
1727548109333:list
1727549734897:remove
1727549740967:remove --all
